{"D:\\University\\304CEM\\week3\\modules\\database.js": {"path":"D:\\University\\304CEM\\week3\\modules\\database.js","statementMap":{"0":{"start":{"line":3,"column":14},"end":{"line":3,"column":30}},"1":{"start":{"line":5,"column":0},"end":{"line":16,"column":1}},"2":{"start":{"line":6,"column":14},"end":{"line":11,"column":6}},"3":{"start":{"line":12,"column":4},"end":{"line":15,"column":6}},"4":{"start":{"line":13,"column":8},"end":{"line":13,"column":31}},"5":{"start":{"line":13,"column":17},"end":{"line":13,"column":31}},"6":{"start":{"line":14,"column":8},"end":{"line":14,"column":28}},"7":{"start":{"line":18,"column":0},"end":{"line":30,"column":1}},"8":{"start":{"line":19,"column":16},"end":{"line":24,"column":6}},"9":{"start":{"line":25,"column":16},"end":{"line":25,"column":157}},"10":{"start":{"line":26,"column":4},"end":{"line":29,"column":6}},"11":{"start":{"line":27,"column":8},"end":{"line":27,"column":46}},"12":{"start":{"line":28,"column":8},"end":{"line":28,"column":29}},"13":{"start":{"line":32,"column":0},"end":{"line":44,"column":1}},"14":{"start":{"line":33,"column":16},"end":{"line":38,"column":6}},"15":{"start":{"line":39,"column":16},"end":{"line":39,"column":37}},"16":{"start":{"line":40,"column":4},"end":{"line":43,"column":6}},"17":{"start":{"line":41,"column":8},"end":{"line":41,"column":46}},"18":{"start":{"line":42,"column":8},"end":{"line":42,"column":29}}},"fnMap":{"0":{"name":"(anonymous_0)","decl":{"start":{"line":5,"column":18},"end":{"line":5,"column":19}},"loc":{"start":{"line":5,"column":45},"end":{"line":16,"column":1}},"line":5},"1":{"name":"(anonymous_1)","decl":{"start":{"line":12,"column":16},"end":{"line":12,"column":17}},"loc":{"start":{"line":12,"column":30},"end":{"line":15,"column":5}},"line":12},"2":{"name":"(anonymous_2)","decl":{"start":{"line":18,"column":30},"end":{"line":18,"column":31}},"loc":{"start":{"line":18,"column":58},"end":{"line":30,"column":1}},"line":18},"3":{"name":"(anonymous_3)","decl":{"start":{"line":26,"column":19},"end":{"line":26,"column":20}},"loc":{"start":{"line":26,"column":41},"end":{"line":29,"column":5}},"line":26},"4":{"name":"(anonymous_4)","decl":{"start":{"line":32,"column":28},"end":{"line":32,"column":29}},"loc":{"start":{"line":32,"column":56},"end":{"line":44,"column":1}},"line":32},"5":{"name":"(anonymous_5)","decl":{"start":{"line":40,"column":19},"end":{"line":40,"column":20}},"loc":{"start":{"line":40,"column":41},"end":{"line":43,"column":5}},"line":40}},"branchMap":{"0":{"loc":{"start":{"line":13,"column":8},"end":{"line":13,"column":31}},"type":"if","locations":[{"start":{"line":13,"column":8},"end":{"line":13,"column":31}},{"start":{"line":13,"column":8},"end":{"line":13,"column":31}}],"line":13}},"s":{"0":1,"1":1,"2":3,"3":3,"4":0,"5":0,"6":0,"7":1,"8":0,"9":0,"10":0,"11":0,"12":0,"13":1,"14":0,"15":0,"16":0,"17":0,"18":0},"f":{"0":3,"1":0,"2":0,"3":0,"4":0,"5":0},"b":{"0":[0,0]},"_coverageSchema":"332fd63041d2c1bcb487cc26dd0d5f7d97098a6c","hash":"abfc1767f26e12a07dfe49e2a45e1c0f84e70d6e"}
,"D:\\University\\304CEM\\week3\\modules\\messages.js": {"path":"D:\\University\\304CEM\\week3\\modules\\messages.js","statementMap":{"0":{"start":{"line":3,"column":9},"end":{"line":3,"column":30}},"1":{"start":{"line":5,"column":0},"end":{"line":29,"column":1}},"2":{"start":{"line":7,"column":4},"end":{"line":28,"column":6}},"3":{"start":{"line":9,"column":8},"end":{"line":12,"column":9}},"4":{"start":{"line":10,"column":12},"end":{"line":10,"column":26}},"5":{"start":{"line":11,"column":12},"end":{"line":11,"column":19}},"6":{"start":{"line":14,"column":22},"end":{"line":19,"column":9}},"7":{"start":{"line":20,"column":8},"end":{"line":22,"column":9}},"8":{"start":{"line":21,"column":12},"end":{"line":21,"column":42}},"9":{"start":{"line":24,"column":8},"end":{"line":27,"column":10}},"10":{"start":{"line":26,"column":12},"end":{"line":26,"column":35}},"11":{"start":{"line":31,"column":0},"end":{"line":42,"column":1}},"12":{"start":{"line":32,"column":4},"end":{"line":41,"column":6}},"13":{"start":{"line":33,"column":8},"end":{"line":36,"column":9}},"14":{"start":{"line":34,"column":12},"end":{"line":34,"column":25}},"15":{"start":{"line":35,"column":12},"end":{"line":35,"column":18}},"16":{"start":{"line":37,"column":8},"end":{"line":40,"column":10}},"17":{"start":{"line":38,"column":23},"end":{"line":38,"column":54}},"18":{"start":{"line":39,"column":12},"end":{"line":39,"column":31}},"19":{"start":{"line":44,"column":0},"end":{"line":55,"column":1}},"20":{"start":{"line":45,"column":4},"end":{"line":54,"column":6}},"21":{"start":{"line":46,"column":8},"end":{"line":49,"column":9}},"22":{"start":{"line":47,"column":12},"end":{"line":47,"column":25}},"23":{"start":{"line":48,"column":12},"end":{"line":48,"column":18}},"24":{"start":{"line":50,"column":8},"end":{"line":53,"column":10}},"25":{"start":{"line":51,"column":23},"end":{"line":51,"column":54}},"26":{"start":{"line":52,"column":12},"end":{"line":52,"column":31}},"27":{"start":{"line":57,"column":0},"end":{"line":68,"column":1}},"28":{"start":{"line":58,"column":4},"end":{"line":67,"column":6}},"29":{"start":{"line":59,"column":8},"end":{"line":62,"column":9}},"30":{"start":{"line":60,"column":12},"end":{"line":60,"column":25}},"31":{"start":{"line":61,"column":12},"end":{"line":61,"column":18}},"32":{"start":{"line":63,"column":8},"end":{"line":66,"column":10}},"33":{"start":{"line":64,"column":23},"end":{"line":64,"column":54}},"34":{"start":{"line":65,"column":12},"end":{"line":65,"column":31}}},"fnMap":{"0":{"name":"(anonymous_0)","decl":{"start":{"line":5,"column":14},"end":{"line":5,"column":15}},"loc":{"start":{"line":5,"column":47},"end":{"line":29,"column":1}},"line":5},"1":{"name":"(anonymous_1)","decl":{"start":{"line":7,"column":24},"end":{"line":7,"column":25}},"loc":{"start":{"line":7,"column":42},"end":{"line":28,"column":5}},"line":7},"2":{"name":"(anonymous_2)","decl":{"start":{"line":24,"column":57},"end":{"line":24,"column":58}},"loc":{"start":{"line":24,"column":80},"end":{"line":27,"column":9}},"line":24},"3":{"name":"(anonymous_3)","decl":{"start":{"line":31,"column":18},"end":{"line":31,"column":19}},"loc":{"start":{"line":31,"column":51},"end":{"line":42,"column":1}},"line":31},"4":{"name":"(anonymous_4)","decl":{"start":{"line":32,"column":24},"end":{"line":32,"column":25}},"loc":{"start":{"line":32,"column":44},"end":{"line":41,"column":5}},"line":32},"5":{"name":"(anonymous_5)","decl":{"start":{"line":37,"column":73},"end":{"line":37,"column":74}},"loc":{"start":{"line":37,"column":96},"end":{"line":40,"column":9}},"line":37},"6":{"name":"(anonymous_6)","decl":{"start":{"line":44,"column":17},"end":{"line":44,"column":18}},"loc":{"start":{"line":44,"column":50},"end":{"line":55,"column":1}},"line":44},"7":{"name":"(anonymous_7)","decl":{"start":{"line":45,"column":24},"end":{"line":45,"column":25}},"loc":{"start":{"line":45,"column":44},"end":{"line":54,"column":5}},"line":45},"8":{"name":"(anonymous_8)","decl":{"start":{"line":50,"column":44},"end":{"line":50,"column":45}},"loc":{"start":{"line":50,"column":67},"end":{"line":53,"column":9}},"line":50},"9":{"name":"(anonymous_9)","decl":{"start":{"line":57,"column":21},"end":{"line":57,"column":22}},"loc":{"start":{"line":57,"column":54},"end":{"line":68,"column":1}},"line":57},"10":{"name":"(anonymous_10)","decl":{"start":{"line":58,"column":24},"end":{"line":58,"column":25}},"loc":{"start":{"line":58,"column":44},"end":{"line":67,"column":5}},"line":58},"11":{"name":"(anonymous_11)","decl":{"start":{"line":63,"column":71},"end":{"line":63,"column":72}},"loc":{"start":{"line":63,"column":94},"end":{"line":66,"column":9}},"line":63}},"branchMap":{"0":{"loc":{"start":{"line":9,"column":8},"end":{"line":12,"column":9}},"type":"if","locations":[{"start":{"line":9,"column":8},"end":{"line":12,"column":9}},{"start":{"line":9,"column":8},"end":{"line":12,"column":9}}],"line":9},"1":{"loc":{"start":{"line":20,"column":8},"end":{"line":22,"column":9}},"type":"if","locations":[{"start":{"line":20,"column":8},"end":{"line":22,"column":9}},{"start":{"line":20,"column":8},"end":{"line":22,"column":9}}],"line":20},"2":{"loc":{"start":{"line":20,"column":12},"end":{"line":20,"column":65}},"type":"binary-expr","locations":[{"start":{"line":20,"column":12},"end":{"line":20,"column":40}},{"start":{"line":20,"column":44},"end":{"line":20,"column":65}}],"line":20},"3":{"loc":{"start":{"line":33,"column":8},"end":{"line":36,"column":9}},"type":"if","locations":[{"start":{"line":33,"column":8},"end":{"line":36,"column":9}},{"start":{"line":33,"column":8},"end":{"line":36,"column":9}}],"line":33},"4":{"loc":{"start":{"line":46,"column":8},"end":{"line":49,"column":9}},"type":"if","locations":[{"start":{"line":46,"column":8},"end":{"line":49,"column":9}},{"start":{"line":46,"column":8},"end":{"line":49,"column":9}}],"line":46},"5":{"loc":{"start":{"line":59,"column":8},"end":{"line":62,"column":9}},"type":"if","locations":[{"start":{"line":59,"column":8},"end":{"line":62,"column":9}},{"start":{"line":59,"column":8},"end":{"line":62,"column":9}}],"line":59}},"s":{"0":1,"1":1,"2":1,"3":0,"4":0,"5":0,"6":0,"7":0,"8":0,"9":0,"10":0,"11":1,"12":1,"13":0,"14":0,"15":0,"16":0,"17":0,"18":0,"19":1,"20":0,"21":0,"22":0,"23":0,"24":0,"25":0,"26":0,"27":1,"28":1,"29":0,"30":0,"31":0,"32":0,"33":0,"34":0},"f":{"0":1,"1":0,"2":0,"3":1,"4":0,"5":0,"6":0,"7":0,"8":0,"9":1,"10":0,"11":0},"b":{"0":[0,0],"1":[0,0],"2":[0,0],"3":[0,0],"4":[0,0],"5":[0,0]},"_coverageSchema":"332fd63041d2c1bcb487cc26dd0d5f7d97098a6c","hash":"d39039000a2fa07a28a5f4f1daa073e3b23beab2"}
}
